<?xml version="1.0" encoding="UTF-8"?>
<!-- Generated by org.testng.reporters.JUnitReportReporter -->
<testsuite hostname="HP-LINASHREE" failures="0" tests="4" name="runner.TestRunner" time="8.344" errors="0" timestamp="13 Jan 2026 18:54:47 GMT">
  <testcase classname="runner.TestRunner" name="runScenario" time="2.665"/>
  <testcase classname="runner.TestRunner" name="runScenario" time="4.159"/>
  <testcase classname="runner.TestRunner" name="runScenario" time="0.835"/>
  <testcase classname="runner.TestRunner" name="runScenario" time="0.685"/>
</testsuite> <!-- runner.TestRunner -->
